Build started 10/5/2014 8:59:43 PM.
     1>Project "C:\Users\d_pandya\Desktop\Assignment1_Framework\Assignment1_Framework\VS2012\Assignment1.vcxproj" on node 2 (Build target(s)).
     1>ClCompile:
         C:\Program Files (x86)\Microsoft Visual Studio 11.0\VC\bin\CL.exe /c /I"../ThirdParty/glew-1.10.0/include" /I"../ThirdParty/glfw-3.0.4/include" /I../ThirdParty/glm /Zi /nologo /W3 /WX- /O2 /Oi /Oy- /GL /D WIN32 /D NDEBUG /D _CONSOLE /D _UNICODE /D UNICODE /Gm- /EHsc /MD /GS /Gy /fp:precise /Zc:wchar_t /Zc:forScope /Fo"C:\Users\d_pandya\Desktop\Assignment1_Framework\Assignment1_Framework\VS2012\/../Build/Release/" /Fd"C:\Users\d_pandya\Desktop\Assignment1_Framework\Assignment1_Framework\VS2012\/../Build/Release/vc110.pdb" /Gd /TP /analyze- /errorReport:prompt ..\Source\Model.cpp
         Model.cpp
         GLM: rotate function taking degrees as a parameter is deprecated. #define GLM_FORCE_RADIANS before including GLM headers to remove this message.
       Link:
         C:\Program Files (x86)\Microsoft Visual Studio 11.0\VC\bin\link.exe /ERRORREPORT:PROMPT /OUT:"C:\Users\d_pandya\Desktop\Assignment1_Framework\Assignment1_Framework\VS2012\/../Bin/Assignment1-Release.exe" /INCREMENTAL:NO /NOLOGO /LIBPATH:"../ThirdParty/glew-1.10.0/lib/Release/Win32" /LIBPATH:"../ThirdParty/glfw-3.0.4/lib/Win32/lib-msvc110" opengl32.lib glew32s.lib glfw3.lib kernel32.lib user32.lib gdi32.lib winspool.lib comdlg32.lib advapi32.lib shell32.lib ole32.lib oleaut32.lib uuid.lib odbc32.lib odbccp32.lib kernel32.lib user32.lib gdi32.lib winspool.lib comdlg32.lib advapi32.lib shell32.lib ole32.lib oleaut32.lib uuid.lib odbc32.lib odbccp32.lib /MANIFEST /MANIFESTUAC:"level='asInvoker' uiAccess='false'" /manifest:embed /DEBUG /PDB:"C:\Users\d_pandya\Desktop\Assignment1_Framework\Assignment1_Framework\VS2012\/../Bin/Assignment1-Release.pdb" /SUBSYSTEM:CONSOLE /OPT:REF /OPT:ICF /LTCG /TLBID:1 /DYNAMICBASE /NXCOMPAT /IMPLIB:"C:\Users\d_pandya\Desktop\Assignment1_Framework\Assignment1_Framework\VS2012\/../Bin/Assignment1-Release.lib" /MACHINE:X86 /SAFESEH C:\Users\d_pandya\Desktop\Assignment1_Framework\Assignment1_Framework\VS2012\/../Build/Release/ArcBall.obj
         C:\Users\d_pandya\Desktop\Assignment1_Framework\Assignment1_Framework\VS2012\/../Build/Release/Camera.obj
         C:\Users\d_pandya\Desktop\Assignment1_Framework\Assignment1_Framework\VS2012\/../Build/Release/EventManager.obj
         C:\Users\d_pandya\Desktop\Assignment1_Framework\Assignment1_Framework\VS2012\/../Build/Release/main.obj
         C:\Users\d_pandya\Desktop\Assignment1_Framework\Assignment1_Framework\VS2012\/../Build/Release/Model.obj
         C:\Users\d_pandya\Desktop\Assignment1_Framework\Assignment1_Framework\VS2012\/../Build/Release/Renderer.obj
         C:\Users\d_pandya\Desktop\Assignment1_Framework\Assignment1_Framework\VS2012\/../Build/Release/World.obj
     1>LINK : warning LNK4098: defaultlib 'LIBCMT' conflicts with use of other libs; use /NODEFAULTLIB:library
         Generating code
         Finished generating code
     1>glew32s.lib(glew.obj) : warning LNK4099: PDB 'vc100.pdb' was not found with 'glew32s.lib(glew.obj)' or at 'C:\Users\d_pandya\Desktop\Assignment1_Framework\Assignment1_Framework\Bin\vc100.pdb'; linking object as if no debug info
         Assignment1.vcxproj -> C:\Users\d_pandya\Desktop\Assignment1_Framework\Assignment1_Framework\VS2012\/../Bin/Assignment1-Release.exe
     1>Done Building Project "C:\Users\d_pandya\Desktop\Assignment1_Framework\Assignment1_Framework\VS2012\Assignment1.vcxproj" (Build target(s)).

Build succeeded.

Time Elapsed 00:00:01.11
