j:\courses\comp_6761_fall_2014\assignments\assignment2\assignment2_framework\bin\assignment2_framework-debug.lib
j:\courses\comp_6761_fall_2014\assignments\assignment2\assignment2_framework\bin\assignment2_framework-debug.exp
j:\courses\comp_6761_fall_2014\labs\lab1\build\debug\lab1.obj
j:\courses\comp_6761_fall_2014\labs\lab1\build\debug\shader.obj
j:\courses\comp_6761_fall_2014\labs\lab1\build\debug\vc110.pdb
j:\courses\comp_6761_fall_2014\assignments\assignment2\assignment2_framework\build\debug\main.obj
j:\courses\comp_6761_fall_2014\assignments\assignment2\assignment2_framework\build\debug\shader.obj
j:\courses\comp_6761_fall_2014\assignments\assignment2\assignment2_framework\build\debug\vc110.pdb
j:\courses\comp_6761_fall_2014\assignments\assignment2\assignment2_framework\build\debug\ppm_loader.obj
j:\courses\comp_6761_fall_2014\labs\lab1\bin\lab1-debug.lib
j:\courses\comp_6761_fall_2014\labs\lab1\bin\lab1-debug.exp
j:\courses\comp_6761_fall_2014\labs\lab1\bin\lab1-debug.ilk
j:\courses\comp_6761_fall_2014\labs\lab1\bin\lab1-debug.exe
j:\courses\comp_6761_fall_2014\labs\lab1\bin\lab1-debug.pdb
j:\courses\comp_6761_fall_2014\assignments\assignment2\assignment2_framework\bin\assignment2_framework-debug.ilk
j:\courses\comp_6761_fall_2014\assignments\assignment2\assignment2_framework\bin\assignment2_framework-debug.exe
j:\courses\comp_6761_fall_2014\assignments\assignment2\assignment2_framework\bin\assignment2_framework-debug.pdb
c:\users\deep\downloads\assignment2_framework\assignment2_framework\bin\assignment2_framework-debug.lib
c:\users\deep\downloads\assignment2_framework\assignment2_framework\bin\assignment2_framework-debug.exp
c:\users\deep\downloads\assignment2_framework\assignment2_framework\build\debug\vc120.pdb
c:\users\deep\downloads\assignment2_framework\assignment2_framework\build\debug\vc120.idb
c:\users\deep\downloads\assignment2_framework\assignment2_framework\build\debug\main.obj
c:\users\deep\downloads\assignment2_framework\assignment2_framework\build\debug\ppm_loader.obj
c:\users\deep\downloads\assignment2_framework\assignment2_framework\build\debug\shader.obj
c:\users\deep\downloads\assignment2_framework\assignment2_framework\bin\assignment2_framework-debug.ilk
c:\users\deep\downloads\assignment2_framework\assignment2_framework\bin\assignment2_framework-debug.exe
c:\users\deep\downloads\assignment2_framework\assignment2_framework\bin\assignment2_framework-debug.pdb
c:\users\deep\downloads\assignment2_framework\assignment2_framework\build\debug\lab1.obj
c:\users\deep\downloads\assignment2_framework\assignment2_framework\build\debug\assignment2_framework.write.1.tlog
c:\users\deep\downloads\assignment2_framework\assignment2_framework\build\debug\cl.command.1.tlog
c:\users\deep\downloads\assignment2_framework\assignment2_framework\build\debug\cl.read.1.tlog
c:\users\deep\downloads\assignment2_framework\assignment2_framework\build\debug\cl.read.2.tlog
c:\users\deep\downloads\assignment2_framework\assignment2_framework\build\debug\cl.write.1.tlog
c:\users\deep\downloads\assignment2_framework\assignment2_framework\build\debug\cl.write.2.tlog
c:\users\deep\downloads\assignment2_framework\assignment2_framework\build\debug\lab1.write.1.tlog
c:\users\deep\downloads\assignment2_framework\assignment2_framework\build\debug\link-cvtres.read.1.tlog
c:\users\deep\downloads\assignment2_framework\assignment2_framework\build\debug\link-cvtres.write.1.tlog
c:\users\deep\downloads\assignment2_framework\assignment2_framework\build\debug\link-rc.read.1.tlog
c:\users\deep\downloads\assignment2_framework\assignment2_framework\build\debug\link-rc.write.1.tlog
c:\users\deep\downloads\assignment2_framework\assignment2_framework\build\debug\link.10796-cvtres.read.1.tlog
c:\users\deep\downloads\assignment2_framework\assignment2_framework\build\debug\link.10796-cvtres.write.1.tlog
c:\users\deep\downloads\assignment2_framework\assignment2_framework\build\debug\link.10796-rc.read.1.tlog
c:\users\deep\downloads\assignment2_framework\assignment2_framework\build\debug\link.10796-rc.write.1.tlog
c:\users\deep\downloads\assignment2_framework\assignment2_framework\build\debug\link.10796.read.1.tlog
c:\users\deep\downloads\assignment2_framework\assignment2_framework\build\debug\link.10796.write.1.tlog
c:\users\deep\downloads\assignment2_framework\assignment2_framework\build\debug\link.15764-cvtres.read.1.tlog
c:\users\deep\downloads\assignment2_framework\assignment2_framework\build\debug\link.15764-cvtres.write.1.tlog
c:\users\deep\downloads\assignment2_framework\assignment2_framework\build\debug\link.15764-rc.read.1.tlog
c:\users\deep\downloads\assignment2_framework\assignment2_framework\build\debug\link.15764-rc.write.1.tlog
c:\users\deep\downloads\assignment2_framework\assignment2_framework\build\debug\link.15764.read.1.tlog
c:\users\deep\downloads\assignment2_framework\assignment2_framework\build\debug\link.15764.write.1.tlog
c:\users\deep\downloads\assignment2_framework\assignment2_framework\build\debug\link.16928-cvtres.read.1.tlog
c:\users\deep\downloads\assignment2_framework\assignment2_framework\build\debug\link.16928-cvtres.write.1.tlog
c:\users\deep\downloads\assignment2_framework\assignment2_framework\build\debug\link.16928-rc.read.1.tlog
c:\users\deep\downloads\assignment2_framework\assignment2_framework\build\debug\link.16928-rc.write.1.tlog
c:\users\deep\downloads\assignment2_framework\assignment2_framework\build\debug\link.16928.read.1.tlog
c:\users\deep\downloads\assignment2_framework\assignment2_framework\build\debug\link.16928.write.1.tlog
c:\users\deep\downloads\assignment2_framework\assignment2_framework\build\debug\link.command.1.tlog
c:\users\deep\downloads\assignment2_framework\assignment2_framework\build\debug\link.read.1.tlog
c:\users\deep\downloads\assignment2_framework\assignment2_framework\build\debug\link.read.2.tlog
c:\users\deep\downloads\assignment2_framework\assignment2_framework\build\debug\link.write.1.tlog
c:\users\deep\downloads\assignment2_framework\assignment2_framework\build\debug\link.write.2.tlog
c:\users\deep\downloads\assignment2_framework\assignment2_framework\build\debug\vc110.idb
c:\users\deep\downloads\assignment2_framework\assignment2_framework\build\debug\vc110.pdb
c:\users\deep\downloads\assignment2_framework\assignment2_framework\vs2012\/../bin\assignment2_framework-debug.pdb
c:\users\deep\downloads\assignment2_framework\assignment2_framework\vs2012\/../bin\assignment2_framework-debug.exe
c:\users\deep\downloads\assignment2_framework\assignment2_framework\vs2012\/../bin\assignment2_framework-debug.ilk
c:\users\deep\downloads\assignment2_framework\assignment2_framework\build\debug\assignme.277eae68.tlog\assignment2_framework.write.1u.tlog
c:\users\deep\downloads\assignment2_framework\assignment2_framework\build\debug\assignme.277eae68.tlog\cl.command.1.tlog
c:\users\deep\downloads\assignment2_framework\assignment2_framework\build\debug\assignme.277eae68.tlog\cl.read.1.tlog
c:\users\deep\downloads\assignment2_framework\assignment2_framework\build\debug\assignme.277eae68.tlog\cl.write.1.tlog
c:\users\deep\downloads\assignment2_framework\assignment2_framework\build\debug\assignme.277eae68.tlog\link.command.1.tlog
c:\users\deep\downloads\assignment2_framework\assignment2_framework\build\debug\assignme.277eae68.tlog\link.read.1.tlog
c:\users\deep\downloads\assignment2_framework\assignment2_framework\build\debug\assignme.277eae68.tlog\link.write.1.tlog
