C:\USERS\K_MENDHU\DESKTOP\LAB1\BUILD\RELEASE\SHADER.OBJ
C:\USERS\K_MENDHU\DESKTOP\LAB1\BUILD\RELEASE\LAB1.OBJ
C:\USERS\K_MENDHU\DESKTOP\LAB1\BUILD\RELEASE\VC110.PDB
J:\COURSES\COMP_6761_FALL_2014\LABS\LAB1\BUILD\RELEASE\SHADER.OBJ
J:\COURSES\COMP_6761_FALL_2014\LABS\LAB1\BUILD\RELEASE\LAB1.OBJ
J:\COURSES\COMP_6761_FALL_2014\LABS\LAB1\BUILD\RELEASE\VC110.PDB
J:\Courses\COMP_6761_FALL_2014\Labs\Lab1\Bin\Lab1-Release.lib
J:\Courses\COMP_6761_FALL_2014\Labs\Lab1\Bin\Lab1-Release.exp
C:\USERS\K_MENDHU\DESKTOP\LAB1\BIN\LAB1-RELEASE.EXE
C:\USERS\K_MENDHU\DESKTOP\LAB1\BIN\LAB1-RELEASE.PDB
J:\COURSES\COMP_6761_FALL_2014\LABS\LAB1\BIN\LAB1-RELEASE.EXE
J:\COURSES\COMP_6761_FALL_2014\LABS\LAB1\BIN\LAB1-RELEASE.PDB
J:\Courses\COMP_6761_FALL_2014\Labs\Lab1\Build\Release\Lab1.obj
J:\Courses\COMP_6761_FALL_2014\Labs\Lab1\Build\Release\shader.obj
J:\Courses\COMP_6761_FALL_2014\Labs\Lab1\Build\Release\tutorial03.obj
J:\Courses\COMP_6761_FALL_2014\Labs\Lab1\Build\Release\cl.command.1.tlog
J:\Courses\COMP_6761_FALL_2014\Labs\Lab1\Build\Release\CL.read.1.tlog
J:\Courses\COMP_6761_FALL_2014\Labs\Lab1\Build\Release\CL.write.1.tlog
J:\Courses\COMP_6761_FALL_2014\Labs\Lab1\Build\Release\Lab1.write.1.tlog
J:\Courses\COMP_6761_FALL_2014\Labs\Lab1\Build\Release\link-cvtres.read.1.tlog
J:\Courses\COMP_6761_FALL_2014\Labs\Lab1\Build\Release\link-cvtres.read.2.tlog
J:\Courses\COMP_6761_FALL_2014\Labs\Lab1\Build\Release\link-cvtres.write.1.tlog
J:\Courses\COMP_6761_FALL_2014\Labs\Lab1\Build\Release\link-cvtres.write.2.tlog
J:\Courses\COMP_6761_FALL_2014\Labs\Lab1\Build\Release\link-rc.read.1.tlog
J:\Courses\COMP_6761_FALL_2014\Labs\Lab1\Build\Release\link-rc.write.1.tlog
J:\Courses\COMP_6761_FALL_2014\Labs\Lab1\Build\Release\link.command.1.tlog
J:\Courses\COMP_6761_FALL_2014\Labs\Lab1\Build\Release\link.read.1.tlog
J:\Courses\COMP_6761_FALL_2014\Labs\Lab1\Build\Release\link.read.2.tlog
J:\Courses\COMP_6761_FALL_2014\Labs\Lab1\Build\Release\link.write.1.tlog
J:\Courses\COMP_6761_FALL_2014\Labs\Lab1\Build\Release\link.write.2.tlog
J:\Courses\COMP_6761_FALL_2014\Labs\Lab1\Build\Release\vc110.pdb
J:\Courses\COMP_6761_FALL_2014\Labs\Lab1\VS2012\/../Bin\Lab1-Release.pdb
J:\Courses\COMP_6761_FALL_2014\Labs\Lab1\VS2012\/../Bin\Lab1-Release.exe
